app/manifest-merger-release-report.txt
-- Merging decision tree log ---
manifest
ADDED from AndroidManifest.xml:2:1
	package
		ADDED from AndroidManifest.xml:3:5
		INJECTED from AndroidManifest.xml:0:0
		INJECTED from AndroidManifest.xml:0:0
	android:versionName
		ADDED from AndroidManifest.xml:5:5
		INJECTED from AndroidManifest.xml:0:0
		INJECTED from AndroidManifest.xml:0:0
	android:versionCode
		ADDED from AndroidManifest.xml:4:5
		INJECTED from AndroidManifest.xml:0:0
		INJECTED from AndroidManifest.xml:0:0
	xmlns:android
		ADDED from AndroidManifest.xml:2:11
uses-sdk
ADDED from AndroidManifest.xml:7:5
MERGED from VideoApplication:SMSSDK:unspecified:7:5
MERGED from com.android.support:appcompat-v7:22.1.1:20:5
MERGED from com.android.support:support-v4:22.1.1:20:5
MERGED from com.android.support:support-v4:22.1.1:20:5
	android:targetSdkVersion
		INJECTED from AndroidManifest.xml:0:0
		INJECTED from AndroidManifest.xml:0:0
	android:minSdkVersion
		ADDED from AndroidManifest.xml:7:15
		INJECTED from AndroidManifest.xml:0:0
		INJECTED from AndroidManifest.xml:0:0
uses-permission#android.permission.INTERNET
ADDED from AndroidManifest.xml:9:5
	android:name
		ADDED from AndroidManifest.xml:9:22
uses-permission#android.permission.WAKE_LOCK
ADDED from AndroidManifest.xml:10:5
	android:name
		ADDED from AndroidManifest.xml:10:22
uses-permission#android.permission.READ_PHONE_STATE
ADDED from AndroidManifest.xml:11:5
	android:name
		ADDED from AndroidManifest.xml:11:22
uses-permission#android.permission.WRITE_SETTINGS
ADDED from AndroidManifest.xml:12:5
	android:name
		ADDED from AndroidManifest.xml:12:22
uses-permission#android.permission.WRITE_EXTERNAL_STORAGE
ADDED from AndroidManifest.xml:13:5
	android:name
		ADDED from AndroidManifest.xml:13:22
uses-permission#android.permission.CAMERA
ADDED from AndroidManifest.xml:14:5
	android:name
		ADDED from AndroidManifest.xml:14:22
uses-permission#android.permission.SYSTEM_ALERT_WINDOW
ADDED from AndroidManifest.xml:15:5
	android:name
		ADDED from AndroidManifest.xml:15:22
uses-permission#android.permission.SYSTEM_OVERLAY_WINDOW
ADDED from AndroidManifest.xml:16:5
	android:name
		ADDED from AndroidManifest.xml:16:22
uses-permission#android.permission.RECORD_AUDIO
ADDED from AndroidManifest.xml:17:5
	android:name
		ADDED from AndroidManifest.xml:17:22
uses-permission#android.permission.EXPAND_STATUS_BAR
ADDED from AndroidManifest.xml:18:5
	android:name
		ADDED from AndroidManifest.xml:18:22
uses-permission#com.android.vending.CHECK_LICENSE
ADDED from AndroidManifest.xml:19:5
	android:name
		ADDED from AndroidManifest.xml:19:22
uses-permission#android.permission.ACCESS_NETWORK_STATE
ADDED from AndroidManifest.xml:21:5
	android:name
		ADDED from AndroidManifest.xml:21:22
uses-permission#android.permission.ACCESS_WIFI_STATE
ADDED from AndroidManifest.xml:22:5
	android:name
		ADDED from AndroidManifest.xml:22:22
uses-permission#android.permission.RECEIVE_SMS
ADDED from AndroidManifest.xml:23:5
	android:name
		ADDED from AndroidManifest.xml:23:22
uses-permission#android.permission.GET_TASKS
ADDED from AndroidManifest.xml:24:5
	android:name
		ADDED from AndroidManifest.xml:24:22
uses-permission#android.permission.ACCESS_FINE_LOCATION
ADDED from AndroidManifest.xml:25:5
	android:name
		ADDED from AndroidManifest.xml:25:22
uses-permission#android.permission.CHANGE_WIFI_STATE
ADDED from AndroidManifest.xml:26:5
	android:name
		ADDED from AndroidManifest.xml:26:22
uses-permission#android.permission.MANAGE_ACCOUNTS
ADDED from AndroidManifest.xml:27:5
	android:name
		ADDED from AndroidManifest.xml:27:22
uses-permission#android.permission.GET_ACCOUNTS
ADDED from AndroidManifest.xml:28:5
	android:name
		ADDED from AndroidManifest.xml:28:22
uses-permission#android.permission.RECEIVE_BOOT_COMPLETED
ADDED from AndroidManifest.xml:29:5
	android:name
		ADDED from AndroidManifest.xml:29:22
permission#com.li.videoapplication.permission.JPUSH_MESSAGE
ADDED from AndroidManifest.xml:32:5
	android:protectionLevel
		ADDED from AndroidManifest.xml:34:9
	android:name
		ADDED from AndroidManifest.xml:33:9
uses-permission#com.li.videoapplication.permission.JPUSH_MESSAGE
ADDED from AndroidManifest.xml:36:5
	android:name
		ADDED from AndroidManifest.xml:36:22
uses-permission#android.permission.RECEIVE_USER_PRESENT
ADDED from AndroidManifest.xml:37:5
	android:name
		ADDED from AndroidManifest.xml:37:22
uses-permission#android.permission.READ_EXTERNAL_STORAGE
ADDED from AndroidManifest.xml:38:5
	android:name
		ADDED from AndroidManifest.xml:38:22
uses-permission#android.permission.VIBRATE
ADDED from AndroidManifest.xml:39:5
	android:name
		ADDED from AndroidManifest.xml:39:22
uses-permission#android.permission.MOUNT_UNMOUNT_FILESYSTEMS
ADDED from AndroidManifest.xml:40:5
	android:name
		ADDED from AndroidManifest.xml:40:22
uses-permission#android.permission.ACCESS_COARSE_LOCATION
ADDED from AndroidManifest.xml:41:5
	android:name
		ADDED from AndroidManifest.xml:41:22
uses-permission#android.permission.ACCESS_LOCATION_EXTRA_COMMANDS
ADDED from AndroidManifest.xml:42:5
	android:name
		ADDED from AndroidManifest.xml:42:22
uses-permission#android.permission.CHANGE_NETWORK_STATE
ADDED from AndroidManifest.xml:43:5
	android:name
		ADDED from AndroidManifest.xml:43:22
application
ADDED from AndroidManifest.xml:47:5
MERGED from VideoApplication:SMSSDK:unspecified:11:5
MERGED from com.android.support:appcompat-v7:22.1.1:22:5
MERGED from com.android.support:support-v4:22.1.1:22:5
MERGED from com.android.support:support-v4:22.1.1:22:5
	android:label
		ADDED from AndroidManifest.xml:51:9
	android:debuggable
		ADDED from VideoApplication:SMSSDK:unspecified:13:9
	android:allowBackup
		ADDED from AndroidManifest.xml:49:9
	android:icon
		ADDED from AndroidManifest.xml:50:9
	android:theme
		ADDED from AndroidManifest.xml:52:9
	android:name
		ADDED from AndroidManifest.xml:48:9
activity#com.li.videoapplication.activity.WelcomeActivity
ADDED from AndroidManifest.xml:53:9
	android:screenOrientation
		ADDED from AndroidManifest.xml:57:13
	android:label
		ADDED from AndroidManifest.xml:56:13
	android:configChanges
		ADDED from AndroidManifest.xml:55:13
	android:theme
		ADDED from AndroidManifest.xml:58:13
	android:name
		ADDED from AndroidManifest.xml:54:13
intent-filter#android.intent.action.MAIN+android.intent.category.LAUNCHER
ADDED from AndroidManifest.xml:59:13
action#android.intent.action.MAIN
ADDED from AndroidManifest.xml:60:17
	android:name
		ADDED from AndroidManifest.xml:60:25
category#android.intent.category.LAUNCHER
ADDED from AndroidManifest.xml:62:17
	android:name
		ADDED from AndroidManifest.xml:62:27
activity#com.li.videoapplication.activity.MainActivity
ADDED from AndroidManifest.xml:65:9
	android:screenOrientation
		ADDED from AndroidManifest.xml:69:13
	android:launchMode
		ADDED from AndroidManifest.xml:68:13
	android:windowSoftInputMode
		ADDED from AndroidManifest.xml:70:13
	android:configChanges
		ADDED from AndroidManifest.xml:67:13
	android:name
		ADDED from AndroidManifest.xml:66:13
activity#com.li.videoapplication.activity.LoginActivity
ADDED from AndroidManifest.xml:71:9
	android:screenOrientation
		ADDED from AndroidManifest.xml:75:13
	android:label
		ADDED from AndroidManifest.xml:74:13
	android:configChanges
		ADDED from AndroidManifest.xml:73:13
	android:name
		ADDED from AndroidManifest.xml:72:13
activity#com.li.videoapplication.activity.RegisterActivity
ADDED from AndroidManifest.xml:76:9
	android:screenOrientation
		ADDED from AndroidManifest.xml:79:13
	android:configChanges
		ADDED from AndroidManifest.xml:78:13
	android:name
		ADDED from AndroidManifest.xml:77:13
activity#com.li.videoapplication.activity.SearchResultActivity
ADDED from AndroidManifest.xml:80:9
	android:screenOrientation
		ADDED from AndroidManifest.xml:84:13
	android:label
		ADDED from AndroidManifest.xml:83:13
	android:configChanges
		ADDED from AndroidManifest.xml:82:13
	android:name
		ADDED from AndroidManifest.xml:81:13
activity#com.li.videoapplication.activity.SearchActivity
ADDED from AndroidManifest.xml:85:9
	android:screenOrientation
		ADDED from AndroidManifest.xml:89:13
	android:label
		ADDED from AndroidManifest.xml:88:13
	android:configChanges
		ADDED from AndroidManifest.xml:87:13
	android:name
		ADDED from AndroidManifest.xml:86:13
activity#com.li.videoapplication.activity.VideoPlayActivity
ADDED from AndroidManifest.xml:90:9
	android:screenOrientation
		ADDED from AndroidManifest.xml:94:13
	android:label
		ADDED from AndroidManifest.xml:93:13
	android:windowSoftInputMode
		ADDED from AndroidManifest.xml:95:13
	android:configChanges
		ADDED from AndroidManifest.xml:92:13
	android:name
		ADDED from AndroidManifest.xml:91:13
activity#com.li.videoapplication.activity.GiftDetailActivity
ADDED from AndroidManifest.xml:96:9
	android:screenOrientation
		ADDED from AndroidManifest.xml:100:13
	android:label
		ADDED from AndroidManifest.xml:99:13
	android:configChanges
		ADDED from AndroidManifest.xml:98:13
	android:name
		ADDED from AndroidManifest.xml:97:13
activity#com.li.videoapplication.activity.TranscribeActivity
ADDED from AndroidManifest.xml:101:9
	android:screenOrientation
		ADDED from AndroidManifest.xml:105:13
	android:label
		ADDED from AndroidManifest.xml:104:13
	android:configChanges
		ADDED from AndroidManifest.xml:103:13
	android:name
		ADDED from AndroidManifest.xml:102:13
activity#com.li.videoapplication.activity.PersonalActivity
ADDED from AndroidManifest.xml:106:9
	android:screenOrientation
		ADDED from AndroidManifest.xml:110:13
	android:label
		ADDED from AndroidManifest.xml:109:13
	android:configChanges
		ADDED from AndroidManifest.xml:108:13
	android:name
		ADDED from AndroidManifest.xml:107:13
activity#com.li.videoapplication.activity.IntroduceActivity
ADDED from AndroidManifest.xml:111:9
	android:screenOrientation
		ADDED from AndroidManifest.xml:115:13
	android:label
		ADDED from AndroidManifest.xml:114:13
	android:configChanges
		ADDED from AndroidManifest.xml:113:13
	android:name
		ADDED from AndroidManifest.xml:112:13
activity#com.li.videoapplication.activity.AssortActivity
ADDED from AndroidManifest.xml:116:9
	android:screenOrientation
		ADDED from AndroidManifest.xml:120:13
	android:label
		ADDED from AndroidManifest.xml:119:13
	android:configChanges
		ADDED from AndroidManifest.xml:118:13
	android:name
		ADDED from AndroidManifest.xml:117:13
activity#com.li.videoapplication.activity.SettingActivity
ADDED from AndroidManifest.xml:121:9
	android:screenOrientation
		ADDED from AndroidManifest.xml:125:13
	android:label
		ADDED from AndroidManifest.xml:124:13
	android:configChanges
		ADDED from AndroidManifest.xml:123:13
	android:name
		ADDED from AndroidManifest.xml:122:13
activity#com.li.videoapplication.activity.PersonalInfoActivity
ADDED from AndroidManifest.xml:126:9
	android:screenOrientation
		ADDED from AndroidManifest.xml:130:13
	android:label
		ADDED from AndroidManifest.xml:129:13
	android:windowSoftInputMode
		ADDED from AndroidManifest.xml:131:13
	android:configChanges
		ADDED from AndroidManifest.xml:128:13
	android:name
		ADDED from AndroidManifest.xml:127:13
activity#com.li.videoapplication.activity.AboutUsActivity
ADDED from AndroidManifest.xml:132:9
	android:screenOrientation
		ADDED from AndroidManifest.xml:136:13
	android:label
		ADDED from AndroidManifest.xml:135:13
	android:configChanges
		ADDED from AndroidManifest.xml:134:13
	android:name
		ADDED from AndroidManifest.xml:133:13
activity#com.li.videoapplication.activity.ModifyPsdActivity
ADDED from AndroidManifest.xml:137:9
	android:screenOrientation
		ADDED from AndroidManifest.xml:140:13
	android:label
		ADDED from AndroidManifest.xml:139:13
	android:name
		ADDED from AndroidManifest.xml:138:13
activity#com.li.videoapplication.activity.ForgotPsdActivity
ADDED from AndroidManifest.xml:141:9
	android:screenOrientation
		ADDED from AndroidManifest.xml:144:13
	android:label
		ADDED from AndroidManifest.xml:143:13
	android:name
		ADDED from AndroidManifest.xml:142:13
activity#com.li.videoapplication.activity.FoundGameActivity
ADDED from AndroidManifest.xml:145:9
	android:screenOrientation
		ADDED from AndroidManifest.xml:148:13
	android:label
		ADDED from AndroidManifest.xml:147:13
	android:name
		ADDED from AndroidManifest.xml:146:13
activity#com.li.videoapplication.activity.PlayerShowActivity
ADDED from AndroidManifest.xml:149:9
	android:screenOrientation
		ADDED from AndroidManifest.xml:152:13
	android:label
		ADDED from AndroidManifest.xml:151:13
	android:name
		ADDED from AndroidManifest.xml:150:13
activity#com.li.videoapplication.activity.HomeColumnListActivity
ADDED from AndroidManifest.xml:153:9
	android:screenOrientation
		ADDED from AndroidManifest.xml:155:13
	android:name
		ADDED from AndroidManifest.xml:154:13
activity#com.li.videoapplication.activity.MasterColumnActivity
ADDED from AndroidManifest.xml:156:9
	android:screenOrientation
		ADDED from AndroidManifest.xml:158:13
	android:name
		ADDED from AndroidManifest.xml:157:13
activity#com.li.videoapplication.activity.MyMessageActivity
ADDED from AndroidManifest.xml:159:9
	android:screenOrientation
		ADDED from AndroidManifest.xml:161:13
	android:name
		ADDED from AndroidManifest.xml:160:13
activity#com.li.videoapplication.activity.ExpertActivity
ADDED from AndroidManifest.xml:162:9
	android:screenOrientation
		ADDED from AndroidManifest.xml:164:13
	android:name
		ADDED from AndroidManifest.xml:163:13
activity#com.li.videoapplication.activity.MasterActivity
ADDED from AndroidManifest.xml:165:9
	android:screenOrientation
		ADDED from AndroidManifest.xml:167:13
	android:name
		ADDED from AndroidManifest.xml:166:13
activity#com.li.videoapplication.activity.RelaxeActivity
ADDED from AndroidManifest.xml:168:9
	android:screenOrientation
		ADDED from AndroidManifest.xml:170:13
	android:name
		ADDED from AndroidManifest.xml:169:13
activity#com.li.videoapplication.activity.GameCircleActivity
ADDED from AndroidManifest.xml:171:9
	android:screenOrientation
		ADDED from AndroidManifest.xml:173:13
	android:name
		ADDED from AndroidManifest.xml:172:13
activity#com.li.videoapplication.activity.GameCircleDetailActivity
ADDED from AndroidManifest.xml:174:9
	android:screenOrientation
		ADDED from AndroidManifest.xml:176:13
	android:name
		ADDED from AndroidManifest.xml:175:13
activity#com.li.videoapplication.activity.MyAttentionActivity
ADDED from AndroidManifest.xml:177:9
	android:screenOrientation
		ADDED from AndroidManifest.xml:179:13
	android:name
		ADDED from AndroidManifest.xml:178:13
activity#com.li.videoapplication.activity.MyFansActivity
ADDED from AndroidManifest.xml:180:9
	android:screenOrientation
		ADDED from AndroidManifest.xml:182:13
	android:name
		ADDED from AndroidManifest.xml:181:13
activity#com.li.videoapplication.activity.ShowPointActivity
ADDED from AndroidManifest.xml:183:9
	android:screenOrientation
		ADDED from AndroidManifest.xml:186:13
	android:label
		ADDED from AndroidManifest.xml:185:13
	android:name
		ADDED from AndroidManifest.xml:184:13
activity#com.li.videoapplication.activity.MissionCenterActivity
ADDED from AndroidManifest.xml:187:9
	android:screenOrientation
		ADDED from AndroidManifest.xml:189:13
	android:theme
		ADDED from AndroidManifest.xml:190:13
	android:name
		ADDED from AndroidManifest.xml:188:13
activity#com.li.videoapplication.activity.MoreRecommendActivity
ADDED from AndroidManifest.xml:191:9
	android:screenOrientation
		ADDED from AndroidManifest.xml:193:13
	android:theme
		ADDED from AndroidManifest.xml:194:13
	android:name
		ADDED from AndroidManifest.xml:192:13
activity#com.li.videoapplication.activity.FavorRecommendActivity
ADDED from AndroidManifest.xml:195:9
	android:screenOrientation
		ADDED from AndroidManifest.xml:197:13
	android:theme
		ADDED from AndroidManifest.xml:198:13
	android:name
		ADDED from AndroidManifest.xml:196:13
activity#com.li.videoapplication.activity.OfflineDownloadActivity
ADDED from AndroidManifest.xml:199:9
	android:screenOrientation
		ADDED from AndroidManifest.xml:202:13
	android:label
		ADDED from AndroidManifest.xml:201:13
	android:theme
		ADDED from AndroidManifest.xml:203:13
	android:name
		ADDED from AndroidManifest.xml:200:13
activity#com.li.videoapplication.activity.MatchCenterActivity
ADDED from AndroidManifest.xml:204:9
	android:screenOrientation
		ADDED from AndroidManifest.xml:206:13
	android:theme
		ADDED from AndroidManifest.xml:207:13
	android:name
		ADDED from AndroidManifest.xml:205:13
activity#com.li.videoapplication.activity.RecommendActivity
ADDED from AndroidManifest.xml:208:9
	android:screenOrientation
		ADDED from AndroidManifest.xml:210:13
	android:theme
		ADDED from AndroidManifest.xml:211:13
	android:name
		ADDED from AndroidManifest.xml:209:13
activity#com.li.videoapplication.activity.MatchDetailActivity
ADDED from AndroidManifest.xml:212:9
	android:screenOrientation
		ADDED from AndroidManifest.xml:214:13
	android:theme
		ADDED from AndroidManifest.xml:215:13
	android:name
		ADDED from AndroidManifest.xml:213:13
activity#com.li.videoapplication.activity.ActivityDetailActivity
ADDED from AndroidManifest.xml:216:9
	android:screenOrientation
		ADDED from AndroidManifest.xml:220:13
	android:label
		ADDED from AndroidManifest.xml:219:13
	android:configChanges
		ADDED from AndroidManifest.xml:218:13
	android:name
		ADDED from AndroidManifest.xml:217:13
activity#com.li.videoapplication.activity.UploadVideoActivity
ADDED from AndroidManifest.xml:222:9
	android:screenOrientation
		ADDED from AndroidManifest.xml:224:13
	android:theme
		ADDED from AndroidManifest.xml:225:13
	android:name
		ADDED from AndroidManifest.xml:223:13
activity#com.li.videoapplication.activity.MatchResultActivity
ADDED from AndroidManifest.xml:226:9
	android:screenOrientation
		ADDED from AndroidManifest.xml:228:13
	android:theme
		ADDED from AndroidManifest.xml:229:13
	android:name
		ADDED from AndroidManifest.xml:227:13
activity#cn.smssdk.SMSSDKUIShell
ADDED from AndroidManifest.xml:250:9
	android:windowSoftInputMode
		ADDED from AndroidManifest.xml:254:13
	android:configChanges
		ADDED from AndroidManifest.xml:252:13
	android:theme
		ADDED from AndroidManifest.xml:253:13
	android:name
		ADDED from AndroidManifest.xml:251:13
activity#cn.sharesdk.framework.ShareSDKUIShell
ADDED from AndroidManifest.xml:255:9
	android:screenOrientation
		ADDED from AndroidManifest.xml:258:13
	android:windowSoftInputMode
		ADDED from AndroidManifest.xml:260:13
	android:configChanges
		ADDED from AndroidManifest.xml:257:13
	android:theme
		ADDED from AndroidManifest.xml:259:13
	android:name
		ADDED from AndroidManifest.xml:256:13
intent-filter#android.intent.action.VIEW+android.intent.category.BROWSABLE+android.intent.category.DEFAULT
ADDED from AndroidManifest.xml:261:13
data
ADDED from AndroidManifest.xml:262:17
	android:scheme
		ADDED from AndroidManifest.xml:262:23
action#android.intent.action.VIEW
ADDED from AndroidManifest.xml:264:17
	android:name
		ADDED from AndroidManifest.xml:264:25
category#android.intent.category.BROWSABLE
ADDED from AndroidManifest.xml:266:17
	android:name
		ADDED from AndroidManifest.xml:266:27
category#android.intent.category.DEFAULT
ADDED from AndroidManifest.xml:267:17
	android:name
		ADDED from AndroidManifest.xml:267:27
activity#com.li.videoapplication.wxapi.WXEntryActivity
ADDED from AndroidManifest.xml:270:9
	android:screenOrientation
		ADDED from AndroidManifest.xml:274:13
	android:exported
		ADDED from AndroidManifest.xml:273:13
	android:configChanges
		ADDED from AndroidManifest.xml:272:13
	android:theme
		ADDED from AndroidManifest.xml:275:13
	android:name
		ADDED from AndroidManifest.xml:271:13
activity#com.li.videoapplication.activity.DownLoadActivity
ADDED from AndroidManifest.xml:284:9
	android:screenOrientation
		ADDED from AndroidManifest.xml:288:13
	android:label
		ADDED from AndroidManifest.xml:287:13
	android:configChanges
		ADDED from AndroidManifest.xml:286:13
	android:name
		ADDED from AndroidManifest.xml:285:13
activity#com.li.videoapplication.activity.NewAssortActivity
ADDED from AndroidManifest.xml:289:9
	android:screenOrientation
		ADDED from AndroidManifest.xml:293:13
	android:label
		ADDED from AndroidManifest.xml:292:13
	android:configChanges
		ADDED from AndroidManifest.xml:291:13
	android:name
		ADDED from AndroidManifest.xml:290:13
activity#com.li.videoapplication.activity.CollectActivity
ADDED from AndroidManifest.xml:294:9
	android:screenOrientation
		ADDED from AndroidManifest.xml:298:13
	android:label
		ADDED from AndroidManifest.xml:297:13
	android:configChanges
		ADDED from AndroidManifest.xml:296:13
	android:name
		ADDED from AndroidManifest.xml:295:13
activity#com.li.videoapplication.activity.UploadActivity
ADDED from AndroidManifest.xml:299:9
	android:screenOrientation
		ADDED from AndroidManifest.xml:301:13
	android:name
		ADDED from AndroidManifest.xml:300:13
activity#com.li.videoapplication.activity.SearchGameActivity
ADDED from AndroidManifest.xml:302:9
	android:screenOrientation
		ADDED from AndroidManifest.xml:304:13
	android:name
		ADDED from AndroidManifest.xml:303:13
activity#com.li.videoapplication.activity.RecordActivity
ADDED from AndroidManifest.xml:305:9
	android:screenOrientation
		ADDED from AndroidManifest.xml:309:13
	android:label
		ADDED from AndroidManifest.xml:308:13
	android:configChanges
		ADDED from AndroidManifest.xml:307:13
	android:name
		ADDED from AndroidManifest.xml:306:13
activity#com.li.videoapplication.activity.GameActivity
ADDED from AndroidManifest.xml:310:9
	android:screenOrientation
		ADDED from AndroidManifest.xml:314:13
	android:label
		ADDED from AndroidManifest.xml:313:13
	android:configChanges
		ADDED from AndroidManifest.xml:312:13
	android:name
		ADDED from AndroidManifest.xml:311:13
activity#com.li.videoapplication.activity.VideoManagerActivity
ADDED from AndroidManifest.xml:315:9
	android:screenOrientation
		ADDED from AndroidManifest.xml:318:13
	android:configChanges
		ADDED from AndroidManifest.xml:317:13
	android:name
		ADDED from AndroidManifest.xml:316:13
activity#com.li.videoapplication.activity.ProtectActivity
ADDED from AndroidManifest.xml:319:9
	android:screenOrientation
		ADDED from AndroidManifest.xml:323:13
	android:label
		ADDED from AndroidManifest.xml:322:13
	android:configChanges
		ADDED from AndroidManifest.xml:321:13
	android:name
		ADDED from AndroidManifest.xml:320:13
activity#com.li.videoapplication.activity.SetNameActivity
ADDED from AndroidManifest.xml:324:9
	android:screenOrientation
		ADDED from AndroidManifest.xml:328:13
	android:label
		ADDED from AndroidManifest.xml:327:13
	android:configChanges
		ADDED from AndroidManifest.xml:326:13
	android:name
		ADDED from AndroidManifest.xml:325:13
activity#com.li.videoapplication.activity.SetAreaActivity
ADDED from AndroidManifest.xml:329:9
	android:screenOrientation
		ADDED from AndroidManifest.xml:332:13
	android:configChanges
		ADDED from AndroidManifest.xml:331:13
	android:name
		ADDED from AndroidManifest.xml:330:13
activity#com.li.videoapplication.activity.WebviewActivity
ADDED from AndroidManifest.xml:333:9
	android:screenOrientation
		ADDED from AndroidManifest.xml:336:13
	android:configChanges
		ADDED from AndroidManifest.xml:335:13
	android:name
		ADDED from AndroidManifest.xml:334:13
activity#com.li.videoapplication.activity.UsingAgreementActivity
ADDED from AndroidManifest.xml:337:9
	android:screenOrientation
		ADDED from AndroidManifest.xml:340:13
	android:configChanges
		ADDED from AndroidManifest.xml:339:13
	android:name
		ADDED from AndroidManifest.xml:338:13
activity#com.li.videoapplication.activity.WebActivity
ADDED from AndroidManifest.xml:341:9
	android:screenOrientation
		ADDED from AndroidManifest.xml:343:13
	android:theme
		ADDED from AndroidManifest.xml:344:13
	android:name
		ADDED from AndroidManifest.xml:342:13
activity#com.li.videoapplication.activity.FunctionSettingActivity
ADDED from AndroidManifest.xml:345:9
	android:screenOrientation
		ADDED from AndroidManifest.xml:347:13
	android:theme
		ADDED from AndroidManifest.xml:348:13
	android:name
		ADDED from AndroidManifest.xml:346:13
activity#com.li.videoapplication.activity.ScreenCapViewActivity
ADDED from AndroidManifest.xml:349:9
	android:screenOrientation
		ADDED from AndroidManifest.xml:351:13
	android:theme
		ADDED from AndroidManifest.xml:352:13
	android:name
		ADDED from AndroidManifest.xml:350:13
activity#com.li.videoapplication.activity.MyGiftActivity
ADDED from AndroidManifest.xml:370:9
	android:screenOrientation
		ADDED from AndroidManifest.xml:373:13
	android:label
		ADDED from AndroidManifest.xml:372:13
	android:theme
		ADDED from AndroidManifest.xml:374:13
	android:name
		ADDED from AndroidManifest.xml:371:13
activity#com.li.videoapplication.activity.GiftAtuoDetailActivity
ADDED from AndroidManifest.xml:375:9
	android:screenOrientation
		ADDED from AndroidManifest.xml:377:13
	android:name
		ADDED from AndroidManifest.xml:376:13
activity#com.fmscreenrecord.activity.ScreenRecord50
ADDED from AndroidManifest.xml:378:9
	android:screenOrientation
		ADDED from AndroidManifest.xml:381:13
	android:label
		ADDED from AndroidManifest.xml:380:13
	android:name
		ADDED from AndroidManifest.xml:379:13
activity#com.fmscreenrecord.activity.ActivityAlertDialog
ADDED from AndroidManifest.xml:382:9
	android:screenOrientation
		ADDED from AndroidManifest.xml:384:13
	android:theme
		ADDED from AndroidManifest.xml:385:13
	android:name
		ADDED from AndroidManifest.xml:383:13
activity#com.fmscreenrecord.activity.FileDirectorySelect
ADDED from AndroidManifest.xml:386:9
	android:screenOrientation
		ADDED from AndroidManifest.xml:388:13
	android:name
		ADDED from AndroidManifest.xml:387:13
activity#com.fmscreenrecord.activity.SettingActivity
ADDED from AndroidManifest.xml:389:9
	android:clearTaskOnLaunch
		ADDED from AndroidManifest.xml:391:13
	android:screenOrientation
		ADDED from AndroidManifest.xml:393:13
	android:launchMode
		ADDED from AndroidManifest.xml:392:13
	android:theme
		ADDED from AndroidManifest.xml:394:13
	android:name
		ADDED from AndroidManifest.xml:390:13
activity#com.fmscreenrecord.activity.SettingAdvancedActivity
ADDED from AndroidManifest.xml:395:9
	android:clearTaskOnLaunch
		ADDED from AndroidManifest.xml:397:13
	android:screenOrientation
		ADDED from AndroidManifest.xml:399:13
	android:launchMode
		ADDED from AndroidManifest.xml:398:13
	android:theme
		ADDED from AndroidManifest.xml:400:13
	android:name
		ADDED from AndroidManifest.xml:396:13
activity#com.li.videoapplication.utils.AlertDialog
ADDED from AndroidManifest.xml:401:9
	android:screenOrientation
		ADDED from AndroidManifest.xml:403:13
	android:theme
		ADDED from AndroidManifest.xml:404:13
	android:name
		ADDED from AndroidManifest.xml:402:13
activity#com.li.videoapplication.activity.UrlVideoPlayerActivity
ADDED from AndroidManifest.xml:405:9
	android:screenOrientation
		ADDED from AndroidManifest.xml:407:13
	android:name
		ADDED from AndroidManifest.xml:406:13
activity#com.li.videoapplication.fragment.VideoPage
ADDED from AndroidManifest.xml:408:9
	android:screenOrientation
		ADDED from AndroidManifest.xml:410:13
	android:name
		ADDED from AndroidManifest.xml:409:13
activity#com.li.videoapplication.activity.VideoEditorActivity
ADDED from AndroidManifest.xml:411:9
	android:screenOrientation
		ADDED from AndroidManifest.xml:413:13
	android:name
		ADDED from AndroidManifest.xml:412:13
activity#com.li.videoapplication.activity.VideoUploadActivity
ADDED from AndroidManifest.xml:414:9
	android:screenOrientation
		ADDED from AndroidManifest.xml:416:13
	android:name
		ADDED from AndroidManifest.xml:415:13
activity#com.fmscreenrecord.activity.FMMainActivity
ADDED from AndroidManifest.xml:417:9
	android:screenOrientation
		ADDED from AndroidManifest.xml:420:13
	android:label
		ADDED from AndroidManifest.xml:419:13
	android:name
		ADDED from AndroidManifest.xml:418:13
activity#com.fmscreenrecord.activity.UseHelpActivity
ADDED from AndroidManifest.xml:421:9
	android:screenOrientation
		ADDED from AndroidManifest.xml:423:13
	android:name
		ADDED from AndroidManifest.xml:422:13
activity#com.fmscreenrecord.activity.PackageInfoGridview
ADDED from AndroidManifest.xml:426:9
	android:screenOrientation
		ADDED from AndroidManifest.xml:429:13
	android:label
		ADDED from AndroidManifest.xml:428:13
	android:name
		ADDED from AndroidManifest.xml:427:13
activity#com.fmscreenrecord.activity.StartBtnActivity
ADDED from AndroidManifest.xml:430:9
	android:screenOrientation
		ADDED from AndroidManifest.xml:433:13
	android:label
		ADDED from AndroidManifest.xml:432:13
	android:name
		ADDED from AndroidManifest.xml:431:13
activity#com.umeng.fb.ConversationActivity
ADDED from AndroidManifest.xml:435:9
	android:name
		ADDED from AndroidManifest.xml:435:19
meta-data#UMENG_CHANNEL
ADDED from AndroidManifest.xml:437:9
	android:value
		ADDED from AndroidManifest.xml:439:13
	android:name
		ADDED from AndroidManifest.xml:438:13
meta-data#UMENG_APPKEY
ADDED from AndroidManifest.xml:440:9
	android:value
		ADDED from AndroidManifest.xml:442:13
	android:name
		ADDED from AndroidManifest.xml:441:13
meta-data#UMENG_MESSAGE_SECRET
ADDED from AndroidManifest.xml:446:9
	android:value
		ADDED from AndroidManifest.xml:448:13
	android:name
		ADDED from AndroidManifest.xml:447:13
receiver#com.umeng.message.NotificationProxyBroadcastReceiver
ADDED from AndroidManifest.xml:452:9
	android:exported
		ADDED from AndroidManifest.xml:454:13
	android:name
		ADDED from AndroidManifest.xml:453:13
receiver#com.umeng.message.SystemReceiver
ADDED from AndroidManifest.xml:457:9
	android:process
		ADDED from AndroidManifest.xml:459:13
	android:name
		ADDED from AndroidManifest.xml:458:13
intent-filter#android.intent.action.BOOT_COMPLETED
ADDED from AndroidManifest.xml:460:13
action#android.intent.action.BOOT_COMPLETED
ADDED from AndroidManifest.xml:461:17
	android:name
		ADDED from AndroidManifest.xml:461:25
intent-filter#android.net.conn.CONNECTIVITY_CHANGE
ADDED from AndroidManifest.xml:463:13
action#android.net.conn.CONNECTIVITY_CHANGE
ADDED from AndroidManifest.xml:464:17
	android:name